[35m[Appium][39m Welcome to Appium v1.12.1
[35m[Appium][39m Non-default server args:
[35m[Appium][39m   port: 54359
[35m[Appium][39m   loglevel: info
[35m[Appium][39m   chromeDriverPort: 54360
[35m[Appium][39m   tmpDir: C:\Users\Babulal\AppData\Local\Temp\\Katalon\Appium\Temp1582819119147
[35m[Appium][39m Appium REST http interface listener started on 0.0.0.0:54359
[35m[HTTP][39m [37m-->[39m [37mGET[39m [37m/wd/hub/status[39m
[35m[HTTP][39m [90m{}[39m
[35m[HTTP][39m [37m<-- GET /wd/hub/status [39m[32m200[39m [90m13 ms - 68[39m
[35m[HTTP][39m [90m[39m
[35m[HTTP][39m [37m-->[39m [37mGET[39m [37m/wd/hub/status[39m
[35m[HTTP][39m [90m{}[39m
[35m[HTTP][39m [37m<-- GET /wd/hub/status [39m[32m200[39m [90m1 ms - 68[39m
[35m[HTTP][39m [90m[39m
[35m[HTTP][39m [37m-->[39m [37mPOST[39m [37m/wd/hub/session[39m
[35m[HTTP][39m [90m{"desiredCapabilities":{"app":"C:\\Users\\Babulal\\Katalon Studio\\GA-Insights\\Data Files\\APK\\19022020-1655-speedhome-alpha-apk-alpha-api.apk","noReset":true,"deviceId":"","deviceName":"samsung SM-M105F (Android 9)","fullReset":false,"platform":"ANDROID","newCommandTimeout":1800,"platformVersion":"9","automationName":"uiautomator2","autoGrantPermissions":true,"platformName":"Android","udid":"5200a64c8d407699","systemPort":54367},"capabilities":{"firstMatch":[{"appium:app":"C:\\Users\\Babulal\\Katalon Studio\\GA-Insights\\Data Files\\APK\\19022020-1655-speedhome-alpha-apk-alpha-api.apk","appium:autoGrantPermissions":true,"appium:automationName":"uiautomator2","deviceId":"","appium:deviceName":"samsung SM-M105F (Android 9)","appium:fullReset":false,"appium:newCommandTimeout":1800,"appium:noReset":true,"platform":"ANDROID","platformName":"android","appium:platformVersion":"9","appium:systemPort":54367,"appium:udid":"5200a64c8d407699"}]}}[39m
[35m[BaseDriver][39m The capabilities ["deviceId","platform"] are not standard capabilities and should have an extension prefix
[35m[Appium][39m Appium v1.12.1 creating new AndroidUiautomator2Driver (v1.33.0) session
[35m[Appium][39m Capabilities:
[35m[Appium][39m   deviceId: 
[35m[Appium][39m   platform: ANDROID
[35m[Appium][39m   platformName: android
[35m[Appium][39m   app: C:\Users\Babulal\Katalon Studio\GA-Insights\Data Files\APK\19022020-1655-speedhome-alpha-apk-alpha-api.apk
[35m[Appium][39m   autoGrantPermissions: true
[35m[Appium][39m   automationName: uiautomator2
[35m[Appium][39m   deviceName: samsung SM-M105F (Android 9)
[35m[Appium][39m   fullReset: false
[35m[Appium][39m   newCommandTimeout: 1800
[35m[Appium][39m   noReset: true
[35m[Appium][39m   platformVersion: 9
[35m[Appium][39m   systemPort: 54367
[35m[Appium][39m   udid: 5200a64c8d407699
[35m[BaseDriver][39m The following capabilities were provided, but are not recognized by appium: deviceId, platform.
[35m[BaseDriver][39m Session created with session id: d5c3f5e6-488f-4615-932e-e12a305e6cd1
[35m[BaseDriver][39m Using local app 'C:\Users\Babulal\Katalon Studio\GA-Insights\Data Files\APK\19022020-1655-speedhome-alpha-apk-alpha-api.apk'
[35m[ADB][39m Checking whether adb is present
[35m[ADB][39m Found 1 'build-tools' folders under 'C:\Users\Babulal\.katalon\tools\android_sdk' (newest first):
[35m[ADB][39m     C:/Users/Babulal/.katalon/tools/android_sdk/build-tools/29.0.3
[35m[ADB][39m Using adb.exe from C:\Users\Babulal\.katalon\tools\android_sdk\platform-tools\adb.exe
[35m[AndroidDriver][39m Retrieving device list
[35m[AndroidDriver][39m Using device: 5200a64c8d407699
[35m[UiAutomator2][39m Relaxing hidden api policy
[35m[ADB][39m Using the alternative activity name detection method because of: Could not find apkanalyzer.bat in C:\Users\Babulal\.katalon\tools\android_sdk\platform-tools\apkanalyzer.bat,C:\Users\Babulal\.katalon\tools\android_sdk\emulator\apkanalyzer.bat,C:\Users\Babulal\.katalon\tools\android_sdk\tools\apkanalyzer.bat,C:\Users\Babulal\.katalon\tools\android_sdk\tools\bin\apkanalyzer.bat,C:\Users\Babulal\.katalon\tools\android_sdk\build-tools\29.0.3\apkanalyzer.bat. Do you have the Android SDK installed at 'C:\Users\Babulal\.katalon\tools\android_sdk'?
[35m[ADB][39m Checking whether aapt is present
[35m[ADB][39m Using aapt.exe from C:\Users\Babulal\.katalon\tools\android_sdk\build-tools\29.0.3\aapt.exe
[35m[ADB][39m Extracting package and launch activity from manifest
[35m[ADB][39m Package name: 'com.speedrent'
[35m[ADB][39m Main activity name: 'com.speedrent.MainActivity'
[35m[ADB][39m Using apksigner.bat from C:\Users\Babulal\.katalon\tools\android_sdk\build-tools\29.0.3\apksigner.bat
[35m[UiAutomator2][39m Server packages are not going to be (re)installed
[35m[UiAutomator2][39m Starting UIAutomator2 server 3.4.0
[35m[UiAutomator2][39m Using UIAutomator2 server from 'C:\Users\Babulal\AppData\Roaming\npm\node_modules\appium\node_modules\appium-uiautomator2-server\apks\appium-uiautomator2-server-v3.4.0.apk' and test from 'C:\Users\Babulal\AppData\Roaming\npm\node_modules\appium\node_modules\appium-uiautomator2-server\apks\appium-uiautomator2-server-debug-androidTest.apk'
[35m[UiAutomator2][39m Waiting up to 30000ms for UiAutomator2 to be online...
[35m[WD Proxy][39m Got an unexpected response: {"code":"ECONNRESET"}
[35m[WD Proxy][39m Got an unexpected response: {"code":"ECONNRESET"}
[35m[WD Proxy][39m Got an unexpected response: {"code":"ECONNRESET"}
[35m[WD Proxy][39m Got an unexpected response: {"code":"ECONNRESET"}
[35m[AndroidDriver][39m Screen already unlocked, doing nothing
[35m[UiAutomator2][39m UiAutomator2 did not start the activity we were waiting for, 'com.speedrent/com.speedrent.MainActivity'. Starting it ourselves
[35m[Appium][39m New AndroidUiautomator2Driver session created successfully, session d5c3f5e6-488f-4615-932e-e12a305e6cd1 added to master session list
[35m[HTTP][39m [37m<-- POST /wd/hub/session [39m[32m200[39m [90m24257 ms - 1364[39m
[35m[HTTP][39m [90m[39m
[35m[HTTP][39m [37m-->[39m [37mGET[39m [37m/wd/hub/session/d5c3f5e6-488f-4615-932e-e12a305e6cd1[39m
[35m[HTTP][39m [90m{}[39m
[35m[HTTP][39m [37m<-- GET /wd/hub/session/d5c3f5e6-488f-4615-932e-e12a305e6cd1 [39m[32m200[39m [90m62 ms - 1296[39m
[35m[HTTP][39m [90m[39m
[35m[HTTP][39m [37m-->[39m [37mGET[39m [37m/wd/hub/session/d5c3f5e6-488f-4615-932e-e12a305e6cd1[39m
[35m[HTTP][39m [90m{}[39m
[35m[HTTP][39m [37m<-- GET /wd/hub/session/d5c3f5e6-488f-4615-932e-e12a305e6cd1 [39m[32m200[39m [90m41 ms - 1296[39m
[35m[HTTP][39m [90m[39m
[35m[HTTP][39m [37m-->[39m [37mGET[39m [37m/wd/hub/status[39m
[35m[HTTP][39m [90m{}[39m
[35m[HTTP][39m [37m<-- GET /wd/hub/status [39m[32m200[39m [90m1 ms - 68[39m
[35m[HTTP][39m [90m[39m
[35m[HTTP][39m [37m-->[39m [37mPOST[39m [37m/wd/hub/session/d5c3f5e6-488f-4615-932e-e12a305e6cd1/timeouts[39m
[35m[HTTP][39m [90m{"implicit":60000}[39m
[35m[HTTP][39m [37m<-- POST /wd/hub/session/d5c3f5e6-488f-4615-932e-e12a305e6cd1/timeouts [39m[32m200[39m [90m6 ms - 14[39m
[35m[HTTP][39m [90m[39m
[35m[HTTP][39m [37m-->[39m [37mGET[39m [37m/wd/hub/session/d5c3f5e6-488f-4615-932e-e12a305e6cd1/source[39m
[35m[HTTP][39m [90m{}[39m
[35m[W3C (d5c3f5e6)][39m Driver proxy active, passing request on via HTTP proxy
[35m[WD Proxy][39m Replacing sessionId e5f97ae8-1eba-4299-859b-4802808dda09 with d5c3f5e6-488f-4615-932e-e12a305e6cd1
[35m[HTTP][39m [37m<-- GET /wd/hub/session/d5c3f5e6-488f-4615-932e-e12a305e6cd1/source [39m[32m200[39m [90m212 ms - 2731[39m
[35m[HTTP][39m [90m[39m
[35m[HTTP][39m [37m-->[39m [37mGET[39m [37m/wd/hub/session/d5c3f5e6-488f-4615-932e-e12a305e6cd1/screenshot[39m
[35m[HTTP][39m [90m{}[39m
[35m[HTTP][39m [37m<-- GET /wd/hub/session/d5c3f5e6-488f-4615-932e-e12a305e6cd1/screenshot [39m[32m200[39m [90m726 ms - 32970[39m
[35m[HTTP][39m [90m[39m
[35m[HTTP][39m [37m-->[39m [37mGET[39m [37m/wd/hub/session/d5c3f5e6-488f-4615-932e-e12a305e6cd1/source[39m
[35m[HTTP][39m [90m{}[39m
[35m[W3C (d5c3f5e6)][39m Driver proxy active, passing request on via HTTP proxy
[35m[WD Proxy][39m Replacing sessionId e5f97ae8-1eba-4299-859b-4802808dda09 with d5c3f5e6-488f-4615-932e-e12a305e6cd1
[35m[HTTP][39m [37m<-- GET /wd/hub/session/d5c3f5e6-488f-4615-932e-e12a305e6cd1/source [39m[32m200[39m [90m444 ms - 9888[39m
[35m[HTTP][39m [90m[39m
[35m[HTTP][39m [37m-->[39m [37mGET[39m [37m/wd/hub/session/d5c3f5e6-488f-4615-932e-e12a305e6cd1/screenshot[39m
[35m[HTTP][39m [90m{}[39m
[35m[HTTP][39m [37m<-- GET /wd/hub/session/d5c3f5e6-488f-4615-932e-e12a305e6cd1/screenshot [39m[32m200[39m [90m736 ms - 68982[39m
[35m[HTTP][39m [90m[39m
[35m[HTTP][39m [37m-->[39m [37mDELETE[39m [37m/wd/hub/session/d5c3f5e6-488f-4615-932e-e12a305e6cd1[39m
[35m[HTTP][39m [90m{}[39m
[35m[Appium][39m Removing session d5c3f5e6-488f-4615-932e-e12a305e6cd1 from our master session list
[35m[UiAutomator2][39m Restoring hidden api policy to the device default configuration
[35m[HTTP][39m [37m<-- DELETE /wd/hub/session/d5c3f5e6-488f-4615-932e-e12a305e6cd1 [39m[32m200[39m [90m999 ms - 14[39m
[35m[HTTP][39m [90m[39m
